2021-02-19 17:39:42.212 [INFO ] [restartedMain] c.m.s.SpringDevopsApplication - Starting SpringDevopsApplication using Java 15.0.1 on LAPTOP-9U6VQEJS with PID 23136 (C:\Users\JaasirAhamed\Documents\work\spring-devops\target\classes started by JaasirAhamed in C:\Users\JaasirAhamed\Documents\work\spring-devops)
2021-02-19 17:39:42.213 [INFO ] [restartedMain] c.m.s.SpringDevopsApplication - No active profile set, falling back to default profiles: default
2021-02-19 17:39:42.769 [INFO ] [restartedMain] o.s.d.r.c.RepositoryConfigurationDelegate - Bootstrapping Spring Data JPA repositories in DEFAULT mode.
2021-02-19 17:39:42.783 [INFO ] [restartedMain] o.s.d.r.c.RepositoryConfigurationDelegate - Finished Spring Data repository scanning in 10 ms. Found 1 JPA repository interfaces.
2021-02-19 17:39:42.868 [INFO ] [restartedMain] o.s.c.s.PostProcessorRegistrationDelegate$BeanPostProcessorChecker - Bean 'org.springframework.hateoas.config.HateoasConfiguration' of type [org.springframework.hateoas.config.HateoasConfiguration] is not eligible for getting processed by all BeanPostProcessors (for example: not eligible for auto-proxying)
2021-02-19 17:39:42.869 [INFO ] [restartedMain] o.s.c.s.PostProcessorRegistrationDelegate$BeanPostProcessorChecker - Bean 'relProviderPluginRegistry' of type [org.springframework.plugin.core.support.PluginRegistryFactoryBean] is not eligible for getting processed by all BeanPostProcessors (for example: not eligible for auto-proxying)
2021-02-19 17:39:42.879 [INFO ] [restartedMain] o.s.c.s.PostProcessorRegistrationDelegate$BeanPostProcessorChecker - Bean 'relProviderPluginRegistry' of type [org.springframework.plugin.core.OrderAwarePluginRegistry] is not eligible for getting processed by all BeanPostProcessors (for example: not eligible for auto-proxying)
2021-02-19 17:39:42.880 [INFO ] [restartedMain] o.s.c.s.PostProcessorRegistrationDelegate$BeanPostProcessorChecker - Bean '_relProvider' of type [org.springframework.hateoas.server.core.DelegatingLinkRelationProvider] is not eligible for getting processed by all BeanPostProcessors (for example: not eligible for auto-proxying)
2021-02-19 17:39:42.883 [INFO ] [restartedMain] o.s.c.s.PostProcessorRegistrationDelegate$BeanPostProcessorChecker - Bean 'messageResolver' of type [org.springframework.hateoas.mediatype.MessageSourceResolver] is not eligible for getting processed by all BeanPostProcessors (for example: not eligible for auto-proxying)
2021-02-19 17:39:42.884 [INFO ] [restartedMain] o.s.c.s.PostProcessorRegistrationDelegate$BeanPostProcessorChecker - Bean 'org.springframework.data.web.config.SpringDataJacksonConfiguration' of type [org.springframework.data.web.config.SpringDataJacksonConfiguration] is not eligible for getting processed by all BeanPostProcessors (for example: not eligible for auto-proxying)
2021-02-19 17:39:42.885 [INFO ] [restartedMain] o.s.c.s.PostProcessorRegistrationDelegate$BeanPostProcessorChecker - Bean 'jacksonGeoModule' of type [org.springframework.data.geo.GeoModule] is not eligible for getting processed by all BeanPostProcessors (for example: not eligible for auto-proxying)
2021-02-19 17:39:42.891 [INFO ] [restartedMain] o.s.c.s.PostProcessorRegistrationDelegate$BeanPostProcessorChecker - Bean 'org.springframework.boot.autoconfigure.data.rest.RepositoryRestMvcAutoConfiguration' of type [org.springframework.boot.autoconfigure.data.rest.RepositoryRestMvcAutoConfiguration] is not eligible for getting processed by all BeanPostProcessors (for example: not eligible for auto-proxying)
2021-02-19 17:39:42.892 [INFO ] [restartedMain] o.s.c.s.PostProcessorRegistrationDelegate$BeanPostProcessorChecker - Bean 'org.springframework.boot.autoconfigure.jackson.JacksonAutoConfiguration$JacksonObjectMapperBuilderConfiguration' of type [org.springframework.boot.autoconfigure.jackson.JacksonAutoConfiguration$JacksonObjectMapperBuilderConfiguration] is not eligible for getting processed by all BeanPostProcessors (for example: not eligible for auto-proxying)
2021-02-19 17:39:42.894 [INFO ] [restartedMain] o.s.c.s.PostProcessorRegistrationDelegate$BeanPostProcessorChecker - Bean 'org.springframework.boot.autoconfigure.jackson.JacksonAutoConfiguration$Jackson2ObjectMapperBuilderCustomizerConfiguration' of type [org.springframework.boot.autoconfigure.jackson.JacksonAutoConfiguration$Jackson2ObjectMapperBuilderCustomizerConfiguration] is not eligible for getting processed by all BeanPostProcessors (for example: not eligible for auto-proxying)
2021-02-19 17:39:42.899 [INFO ] [restartedMain] o.s.c.s.PostProcessorRegistrationDelegate$BeanPostProcessorChecker - Bean 'spring.jackson-org.springframework.boot.autoconfigure.jackson.JacksonProperties' of type [org.springframework.boot.autoconfigure.jackson.JacksonProperties] is not eligible for getting processed by all BeanPostProcessors (for example: not eligible for auto-proxying)
2021-02-19 17:39:42.899 [INFO ] [restartedMain] o.s.c.s.PostProcessorRegistrationDelegate$BeanPostProcessorChecker - Bean 'standardJacksonObjectMapperBuilderCustomizer' of type [org.springframework.boot.autoconfigure.jackson.JacksonAutoConfiguration$Jackson2ObjectMapperBuilderCustomizerConfiguration$StandardJackson2ObjectMapperBuilderCustomizer] is not eligible for getting processed by all BeanPostProcessors (for example: not eligible for auto-proxying)
2021-02-19 17:39:42.901 [INFO ] [restartedMain] o.s.c.s.PostProcessorRegistrationDelegate$BeanPostProcessorChecker - Bean 'org.springframework.boot.autoconfigure.jackson.JacksonAutoConfiguration$ParameterNamesModuleConfiguration' of type [org.springframework.boot.autoconfigure.jackson.JacksonAutoConfiguration$ParameterNamesModuleConfiguration] is not eligible for getting processed by all BeanPostProcessors (for example: not eligible for auto-proxying)
2021-02-19 17:39:42.901 [INFO ] [restartedMain] o.s.c.s.PostProcessorRegistrationDelegate$BeanPostProcessorChecker - Bean 'parameterNamesModule' of type [com.fasterxml.jackson.module.paramnames.ParameterNamesModule] is not eligible for getting processed by all BeanPostProcessors (for example: not eligible for auto-proxying)
2021-02-19 17:39:42.903 [INFO ] [restartedMain] o.s.c.s.PostProcessorRegistrationDelegate$BeanPostProcessorChecker - Bean 'org.springframework.boot.autoconfigure.jackson.JacksonAutoConfiguration' of type [org.springframework.boot.autoconfigure.jackson.JacksonAutoConfiguration] is not eligible for getting processed by all BeanPostProcessors (for example: not eligible for auto-proxying)
2021-02-19 17:39:42.909 [INFO ] [restartedMain] o.s.c.s.PostProcessorRegistrationDelegate$BeanPostProcessorChecker - Bean 'jsonComponentModule' of type [org.springframework.boot.jackson.JsonComponentModule] is not eligible for getting processed by all BeanPostProcessors (for example: not eligible for auto-proxying)
2021-02-19 17:39:42.911 [INFO ] [restartedMain] o.s.c.s.PostProcessorRegistrationDelegate$BeanPostProcessorChecker - Bean 'jacksonObjectMapperBuilder' of type [org.springframework.http.converter.json.Jackson2ObjectMapperBuilder] is not eligible for getting processed by all BeanPostProcessors (for example: not eligible for auto-proxying)
2021-02-19 17:39:42.916 [INFO ] [restartedMain] o.s.c.s.PostProcessorRegistrationDelegate$BeanPostProcessorChecker - Bean 'spring.data.rest-org.springframework.boot.autoconfigure.data.rest.RepositoryRestProperties' of type [org.springframework.boot.autoconfigure.data.rest.RepositoryRestProperties] is not eligible for getting processed by all BeanPostProcessors (for example: not eligible for auto-proxying)
2021-02-19 17:39:42.917 [INFO ] [restartedMain] o.s.c.s.PostProcessorRegistrationDelegate$BeanPostProcessorChecker - Bean 'springBootRepositoryRestConfigurer' of type [org.springframework.boot.autoconfigure.data.rest.SpringBootRepositoryRestConfigurer] is not eligible for getting processed by all BeanPostProcessors (for example: not eligible for auto-proxying)
2021-02-19 17:39:42.918 [INFO ] [restartedMain] o.s.c.s.PostProcessorRegistrationDelegate$BeanPostProcessorChecker - Bean 'configurerDelegate' of type [org.springframework.data.rest.webmvc.config.RepositoryRestConfigurerDelegate] is not eligible for getting processed by all BeanPostProcessors (for example: not eligible for auto-proxying)
2021-02-19 17:39:42.920 [INFO ] [restartedMain] o.s.c.s.PostProcessorRegistrationDelegate$BeanPostProcessorChecker - Bean 'org.springframework.boot.autoconfigure.http.HttpMessageConvertersAutoConfiguration$StringHttpMessageConverterConfiguration' of type [org.springframework.boot.autoconfigure.http.HttpMessageConvertersAutoConfiguration$StringHttpMessageConverterConfiguration] is not eligible for getting processed by all BeanPostProcessors (for example: not eligible for auto-proxying)
2021-02-19 17:39:42.922 [INFO ] [restartedMain] o.s.c.s.PostProcessorRegistrationDelegate$BeanPostProcessorChecker - Bean 'stringHttpMessageConverter' of type [org.springframework.http.converter.StringHttpMessageConverter] is not eligible for getting processed by all BeanPostProcessors (for example: not eligible for auto-proxying)
2021-02-19 17:39:42.923 [INFO ] [restartedMain] o.s.c.s.PostProcessorRegistrationDelegate$BeanPostProcessorChecker - Bean 'org.springframework.boot.autoconfigure.http.JacksonHttpMessageConvertersConfiguration$MappingJackson2HttpMessageConverterConfiguration' of type [org.springframework.boot.autoconfigure.http.JacksonHttpMessageConvertersConfiguration$MappingJackson2HttpMessageConverterConfiguration] is not eligible for getting processed by all BeanPostProcessors (for example: not eligible for auto-proxying)
2021-02-19 17:39:42.924 [INFO ] [restartedMain] o.s.c.s.PostProcessorRegistrationDelegate$BeanPostProcessorChecker - Bean 'org.springframework.boot.autoconfigure.jackson.JacksonAutoConfiguration$JacksonObjectMapperConfiguration' of type [org.springframework.boot.autoconfigure.jackson.JacksonAutoConfiguration$JacksonObjectMapperConfiguration] is not eligible for getting processed by all BeanPostProcessors (for example: not eligible for auto-proxying)
2021-02-19 17:39:42.928 [INFO ] [restartedMain] o.s.c.s.PostProcessorRegistrationDelegate$BeanPostProcessorChecker - Bean 'jacksonObjectMapperBuilder' of type [org.springframework.http.converter.json.Jackson2ObjectMapperBuilder] is not eligible for getting processed by all BeanPostProcessors (for example: not eligible for auto-proxying)
2021-02-19 17:39:42.930 [INFO ] [restartedMain] o.s.c.s.PostProcessorRegistrationDelegate$BeanPostProcessorChecker - Bean 'jacksonObjectMapper' of type [com.fasterxml.jackson.databind.ObjectMapper] is not eligible for getting processed by all BeanPostProcessors (for example: not eligible for auto-proxying)
2021-02-19 17:39:42.936 [INFO ] [restartedMain] o.s.c.s.PostProcessorRegistrationDelegate$BeanPostProcessorChecker - Bean 'mappingJackson2HttpMessageConverter' of type [org.springframework.http.converter.json.MappingJackson2HttpMessageConverter] is not eligible for getting processed by all BeanPostProcessors (for example: not eligible for auto-proxying)
2021-02-19 17:39:42.937 [INFO ] [restartedMain] o.s.c.s.PostProcessorRegistrationDelegate$BeanPostProcessorChecker - Bean 'org.springframework.data.rest.webmvc.config.RepositoryRestMvcConfiguration' of type [org.springframework.data.rest.webmvc.config.RepositoryRestMvcConfiguration] is not eligible for getting processed by all BeanPostProcessors (for example: not eligible for auto-proxying)
2021-02-19 17:39:43.031 [INFO ] [restartedMain] o.s.b.w.e.t.TomcatWebServer - Tomcat initialized with port(s): 9999 (http)
2021-02-19 17:39:43.032 [INFO ] [restartedMain] o.a.c.c.StandardService - Starting service [Tomcat]
2021-02-19 17:39:43.032 [INFO ] [restartedMain] o.a.c.c.StandardEngine - Starting Servlet engine: [Apache Tomcat/9.0.41]
2021-02-19 17:39:43.095 [INFO ] [restartedMain] o.a.c.c.C.[.[.[/] - Initializing Spring embedded WebApplicationContext
2021-02-19 17:39:43.095 [INFO ] [restartedMain] o.s.b.w.s.c.ServletWebServerApplicationContext - Root WebApplicationContext: initialization completed in 877 ms
2021-02-19 17:39:43.290 [INFO ] [restartedMain] c.z.h.HikariDataSource - HikariPool-12 - Starting...
2021-02-19 17:39:43.330 [INFO ] [restartedMain] c.z.h.HikariDataSource - HikariPool-12 - Start completed.
2021-02-19 17:39:43.338 [INFO ] [restartedMain] o.h.j.i.u.LogHelper - HHH000204: Processing PersistenceUnitInfo [name: default]
2021-02-19 17:39:43.350 [INFO ] [restartedMain] o.h.d.Dialect - HHH000400: Using dialect: org.hibernate.dialect.MySQL8Dialect
2021-02-19 17:39:43.408 [INFO ] [restartedMain] o.h.e.t.j.p.i.JtaPlatformInitiator - HHH000490: Using JtaPlatform implementation: [org.hibernate.engine.transaction.jta.platform.internal.NoJtaPlatform]
2021-02-19 17:39:43.409 [INFO ] [restartedMain] o.s.o.j.LocalContainerEntityManagerFactoryBean - Initialized JPA EntityManagerFactory for persistence unit 'default'
2021-02-19 17:39:43.469 [WARN ] [restartedMain] o.s.b.a.o.j.JpaBaseConfiguration$JpaWebConfiguration - spring.jpa.open-in-view is enabled by default. Therefore, database queries may be performed during view rendering. Explicitly configure spring.jpa.open-in-view to disable this warning
2021-02-19 17:39:43.657 [WARN ] [restartedMain] o.s.d.r.c.m.RepositoryCollectionResourceMapping - @RestResource detected to customize the repository resource for com.myapp.spring.repository.ProductRepository! Use @RepositoryRestResource instead!
2021-02-19 17:39:43.707 [INFO ] [restartedMain] o.s.s.c.ThreadPoolTaskExecutor - Initializing ExecutorService 'applicationTaskExecutor'
2021-02-19 17:39:43.718 [DEBUG] [restartedMain] o.s.w.s.m.m.a.RequestMappingHandlerAdapter - ControllerAdvice beans: 0 @ModelAttribute, 0 @InitBinder, 1 RequestBodyAdvice, 1 ResponseBodyAdvice
2021-02-19 17:39:43.757 [DEBUG] [restartedMain] o.s.w.s.m.m.a.RequestMappingHandlerMapping - 2 mappings in 'requestMappingHandlerMapping'
2021-02-19 17:39:43.793 [DEBUG] [restartedMain] o.s.w.s.h.SimpleUrlHandlerMapping - Patterns [/explorer/**, /webjars/**, /**] in 'resourceHandlerMapping'
2021-02-19 17:39:43.808 [DEBUG] [restartedMain] o.s.w.s.m.m.a.ExceptionHandlerExceptionResolver - ControllerAdvice beans: 1 @ExceptionHandler, 1 ResponseBodyAdvice
2021-02-19 17:39:44.060 [INFO ] [restartedMain] o.s.b.d.a.OptionalLiveReloadServer - LiveReload server is running on port 35729
2021-02-19 17:39:44.065 [INFO ] [restartedMain] o.s.b.a.e.w.EndpointLinksResolver - Exposing 2 endpoint(s) beneath base path '/actuator'
2021-02-19 17:39:44.100 [INFO ] [restartedMain] o.s.b.w.e.t.TomcatWebServer - Tomcat started on port(s): 9999 (http) with context path ''
2021-02-19 17:39:44.118 [INFO ] [restartedMain] c.m.s.SpringDevopsApplication - Started SpringDevopsApplication in 1.957 seconds (JVM running for 192696.971)
2021-02-19 17:39:44.122 [INFO ] [restartedMain] o.s.b.d.a.ConditionEvaluationDeltaLoggingListener - Condition evaluation unchanged
2021-02-19 17:41:13.846 [INFO ] [Thread-62] o.s.s.c.ThreadPoolTaskExecutor - Shutting down ExecutorService 'applicationTaskExecutor'
2021-02-19 17:41:13.847 [INFO ] [Thread-62] o.s.o.j.LocalContainerEntityManagerFactoryBean - Closing JPA EntityManagerFactory for persistence unit 'default'
2021-02-19 17:41:13.847 [INFO ] [Thread-62] c.z.h.HikariDataSource - HikariPool-12 - Shutdown initiated...
2021-02-19 17:41:13.850 [INFO ] [Thread-62] c.z.h.HikariDataSource - HikariPool-12 - Shutdown completed.
2021-02-19 17:41:13.971 [INFO ] [restartedMain] c.m.s.SpringDevopsApplication - Starting SpringDevopsApplication using Java 15.0.1 on LAPTOP-9U6VQEJS with PID 23136 (C:\Users\JaasirAhamed\Documents\work\spring-devops\target\classes started by JaasirAhamed in C:\Users\JaasirAhamed\Documents\work\spring-devops)
2021-02-19 17:41:13.971 [INFO ] [restartedMain] c.m.s.SpringDevopsApplication - No active profile set, falling back to default profiles: default
2021-02-19 17:41:14.293 [INFO ] [restartedMain] o.s.d.r.c.RepositoryConfigurationDelegate - Bootstrapping Spring Data JPA repositories in DEFAULT mode.
2021-02-19 17:41:14.300 [INFO ] [restartedMain] o.s.d.r.c.RepositoryConfigurationDelegate - Finished Spring Data repository scanning in 7 ms. Found 1 JPA repository interfaces.
2021-02-19 17:41:14.362 [INFO ] [restartedMain] o.s.c.s.PostProcessorRegistrationDelegate$BeanPostProcessorChecker - Bean 'org.springframework.hateoas.config.HateoasConfiguration' of type [org.springframework.hateoas.config.HateoasConfiguration] is not eligible for getting processed by all BeanPostProcessors (for example: not eligible for auto-proxying)
2021-02-19 17:41:14.363 [INFO ] [restartedMain] o.s.c.s.PostProcessorRegistrationDelegate$BeanPostProcessorChecker - Bean 'relProviderPluginRegistry' of type [org.springframework.plugin.core.support.PluginRegistryFactoryBean] is not eligible for getting processed by all BeanPostProcessors (for example: not eligible for auto-proxying)
2021-02-19 17:41:14.369 [INFO ] [restartedMain] o.s.c.s.PostProcessorRegistrationDelegate$BeanPostProcessorChecker - Bean 'relProviderPluginRegistry' of type [org.springframework.plugin.core.OrderAwarePluginRegistry] is not eligible for getting processed by all BeanPostProcessors (for example: not eligible for auto-proxying)
2021-02-19 17:41:14.370 [INFO ] [restartedMain] o.s.c.s.PostProcessorRegistrationDelegate$BeanPostProcessorChecker - Bean '_relProvider' of type [org.springframework.hateoas.server.core.DelegatingLinkRelationProvider] is not eligible for getting processed by all BeanPostProcessors (for example: not eligible for auto-proxying)
2021-02-19 17:41:14.372 [INFO ] [restartedMain] o.s.c.s.PostProcessorRegistrationDelegate$BeanPostProcessorChecker - Bean 'messageResolver' of type [org.springframework.hateoas.mediatype.MessageSourceResolver] is not eligible for getting processed by all BeanPostProcessors (for example: not eligible for auto-proxying)
2021-02-19 17:41:14.372 [INFO ] [restartedMain] o.s.c.s.PostProcessorRegistrationDelegate$BeanPostProcessorChecker - Bean 'org.springframework.data.web.config.SpringDataJacksonConfiguration' of type [org.springframework.data.web.config.SpringDataJacksonConfiguration] is not eligible for getting processed by all BeanPostProcessors (for example: not eligible for auto-proxying)
2021-02-19 17:41:14.373 [INFO ] [restartedMain] o.s.c.s.PostProcessorRegistrationDelegate$BeanPostProcessorChecker - Bean 'jacksonGeoModule' of type [org.springframework.data.geo.GeoModule] is not eligible for getting processed by all BeanPostProcessors (for example: not eligible for auto-proxying)
2021-02-19 17:41:14.377 [INFO ] [restartedMain] o.s.c.s.PostProcessorRegistrationDelegate$BeanPostProcessorChecker - Bean 'org.springframework.boot.autoconfigure.data.rest.RepositoryRestMvcAutoConfiguration' of type [org.springframework.boot.autoconfigure.data.rest.RepositoryRestMvcAutoConfiguration] is not eligible for getting processed by all BeanPostProcessors (for example: not eligible for auto-proxying)
2021-02-19 17:41:14.378 [INFO ] [restartedMain] o.s.c.s.PostProcessorRegistrationDelegate$BeanPostProcessorChecker - Bean 'org.springframework.boot.autoconfigure.jackson.JacksonAutoConfiguration$JacksonObjectMapperBuilderConfiguration' of type [org.springframework.boot.autoconfigure.jackson.JacksonAutoConfiguration$JacksonObjectMapperBuilderConfiguration] is not eligible for getting processed by all BeanPostProcessors (for example: not eligible for auto-proxying)
2021-02-19 17:41:14.379 [INFO ] [restartedMain] o.s.c.s.PostProcessorRegistrationDelegate$BeanPostProcessorChecker - Bean 'org.springframework.boot.autoconfigure.jackson.JacksonAutoConfiguration$Jackson2ObjectMapperBuilderCustomizerConfiguration' of type [org.springframework.boot.autoconfigure.jackson.JacksonAutoConfiguration$Jackson2ObjectMapperBuilderCustomizerConfiguration] is not eligible for getting processed by all BeanPostProcessors (for example: not eligible for auto-proxying)
2021-02-19 17:41:14.382 [INFO ] [restartedMain] o.s.c.s.PostProcessorRegistrationDelegate$BeanPostProcessorChecker - Bean 'spring.jackson-org.springframework.boot.autoconfigure.jackson.JacksonProperties' of type [org.springframework.boot.autoconfigure.jackson.JacksonProperties] is not eligible for getting processed by all BeanPostProcessors (for example: not eligible for auto-proxying)
2021-02-19 17:41:14.382 [INFO ] [restartedMain] o.s.c.s.PostProcessorRegistrationDelegate$BeanPostProcessorChecker - Bean 'standardJacksonObjectMapperBuilderCustomizer' of type [org.springframework.boot.autoconfigure.jackson.JacksonAutoConfiguration$Jackson2ObjectMapperBuilderCustomizerConfiguration$StandardJackson2ObjectMapperBuilderCustomizer] is not eligible for getting processed by all BeanPostProcessors (for example: not eligible for auto-proxying)
2021-02-19 17:41:14.383 [INFO ] [restartedMain] o.s.c.s.PostProcessorRegistrationDelegate$BeanPostProcessorChecker - Bean 'org.springframework.boot.autoconfigure.jackson.JacksonAutoConfiguration$ParameterNamesModuleConfiguration' of type [org.springframework.boot.autoconfigure.jackson.JacksonAutoConfiguration$ParameterNamesModuleConfiguration] is not eligible for getting processed by all BeanPostProcessors (for example: not eligible for auto-proxying)
2021-02-19 17:41:14.384 [INFO ] [restartedMain] o.s.c.s.PostProcessorRegistrationDelegate$BeanPostProcessorChecker - Bean 'parameterNamesModule' of type [com.fasterxml.jackson.module.paramnames.ParameterNamesModule] is not eligible for getting processed by all BeanPostProcessors (for example: not eligible for auto-proxying)
2021-02-19 17:41:14.385 [INFO ] [restartedMain] o.s.c.s.PostProcessorRegistrationDelegate$BeanPostProcessorChecker - Bean 'org.springframework.boot.autoconfigure.jackson.JacksonAutoConfiguration' of type [org.springframework.boot.autoconfigure.jackson.JacksonAutoConfiguration] is not eligible for getting processed by all BeanPostProcessors (for example: not eligible for auto-proxying)
2021-02-19 17:41:14.391 [INFO ] [restartedMain] o.s.c.s.PostProcessorRegistrationDelegate$BeanPostProcessorChecker - Bean 'jsonComponentModule' of type [org.springframework.boot.jackson.JsonComponentModule] is not eligible for getting processed by all BeanPostProcessors (for example: not eligible for auto-proxying)
2021-02-19 17:41:14.391 [INFO ] [restartedMain] o.s.c.s.PostProcessorRegistrationDelegate$BeanPostProcessorChecker - Bean 'jacksonObjectMapperBuilder' of type [org.springframework.http.converter.json.Jackson2ObjectMapperBuilder] is not eligible for getting processed by all BeanPostProcessors (for example: not eligible for auto-proxying)
2021-02-19 17:41:14.396 [INFO ] [restartedMain] o.s.c.s.PostProcessorRegistrationDelegate$BeanPostProcessorChecker - Bean 'spring.data.rest-org.springframework.boot.autoconfigure.data.rest.RepositoryRestProperties' of type [org.springframework.boot.autoconfigure.data.rest.RepositoryRestProperties] is not eligible for getting processed by all BeanPostProcessors (for example: not eligible for auto-proxying)
2021-02-19 17:41:14.396 [INFO ] [restartedMain] o.s.c.s.PostProcessorRegistrationDelegate$BeanPostProcessorChecker - Bean 'springBootRepositoryRestConfigurer' of type [org.springframework.boot.autoconfigure.data.rest.SpringBootRepositoryRestConfigurer] is not eligible for getting processed by all BeanPostProcessors (for example: not eligible for auto-proxying)
2021-02-19 17:41:14.397 [INFO ] [restartedMain] o.s.c.s.PostProcessorRegistrationDelegate$BeanPostProcessorChecker - Bean 'configurerDelegate' of type [org.springframework.data.rest.webmvc.config.RepositoryRestConfigurerDelegate] is not eligible for getting processed by all BeanPostProcessors (for example: not eligible for auto-proxying)
2021-02-19 17:41:14.399 [INFO ] [restartedMain] o.s.c.s.PostProcessorRegistrationDelegate$BeanPostProcessorChecker - Bean 'org.springframework.boot.autoconfigure.http.HttpMessageConvertersAutoConfiguration$StringHttpMessageConverterConfiguration' of type [org.springframework.boot.autoconfigure.http.HttpMessageConvertersAutoConfiguration$StringHttpMessageConverterConfiguration] is not eligible for getting processed by all BeanPostProcessors (for example: not eligible for auto-proxying)
2021-02-19 17:41:14.401 [INFO ] [restartedMain] o.s.c.s.PostProcessorRegistrationDelegate$BeanPostProcessorChecker - Bean 'stringHttpMessageConverter' of type [org.springframework.http.converter.StringHttpMessageConverter] is not eligible for getting processed by all BeanPostProcessors (for example: not eligible for auto-proxying)
2021-02-19 17:41:14.402 [INFO ] [restartedMain] o.s.c.s.PostProcessorRegistrationDelegate$BeanPostProcessorChecker - Bean 'org.springframework.boot.autoconfigure.http.JacksonHttpMessageConvertersConfiguration$MappingJackson2HttpMessageConverterConfiguration' of type [org.springframework.boot.autoconfigure.http.JacksonHttpMessageConvertersConfiguration$MappingJackson2HttpMessageConverterConfiguration] is not eligible for getting processed by all BeanPostProcessors (for example: not eligible for auto-proxying)
2021-02-19 17:41:14.402 [INFO ] [restartedMain] o.s.c.s.PostProcessorRegistrationDelegate$BeanPostProcessorChecker - Bean 'org.springframework.boot.autoconfigure.jackson.JacksonAutoConfiguration$JacksonObjectMapperConfiguration' of type [org.springframework.boot.autoconfigure.jackson.JacksonAutoConfiguration$JacksonObjectMapperConfiguration] is not eligible for getting processed by all BeanPostProcessors (for example: not eligible for auto-proxying)
2021-02-19 17:41:14.404 [INFO ] [restartedMain] o.s.c.s.PostProcessorRegistrationDelegate$BeanPostProcessorChecker - Bean 'jacksonObjectMapperBuilder' of type [org.springframework.http.converter.json.Jackson2ObjectMapperBuilder] is not eligible for getting processed by all BeanPostProcessors (for example: not eligible for auto-proxying)
2021-02-19 17:41:14.405 [INFO ] [restartedMain] o.s.c.s.PostProcessorRegistrationDelegate$BeanPostProcessorChecker - Bean 'jacksonObjectMapper' of type [com.fasterxml.jackson.databind.ObjectMapper] is not eligible for getting processed by all BeanPostProcessors (for example: not eligible for auto-proxying)
2021-02-19 17:41:14.409 [INFO ] [restartedMain] o.s.c.s.PostProcessorRegistrationDelegate$BeanPostProcessorChecker - Bean 'mappingJackson2HttpMessageConverter' of type [org.springframework.http.converter.json.MappingJackson2HttpMessageConverter] is not eligible for getting processed by all BeanPostProcessors (for example: not eligible for auto-proxying)
2021-02-19 17:41:14.410 [INFO ] [restartedMain] o.s.c.s.PostProcessorRegistrationDelegate$BeanPostProcessorChecker - Bean 'org.springframework.data.rest.webmvc.config.RepositoryRestMvcConfiguration' of type [org.springframework.data.rest.webmvc.config.RepositoryRestMvcConfiguration] is not eligible for getting processed by all BeanPostProcessors (for example: not eligible for auto-proxying)
2021-02-19 17:41:14.462 [INFO ] [restartedMain] o.s.b.w.e.t.TomcatWebServer - Tomcat initialized with port(s): 9999 (http)
2021-02-19 17:41:14.463 [INFO ] [restartedMain] o.a.c.c.StandardService - Starting service [Tomcat]
2021-02-19 17:41:14.463 [INFO ] [restartedMain] o.a.c.c.StandardEngine - Starting Servlet engine: [Apache Tomcat/9.0.41]
2021-02-19 17:41:14.509 [INFO ] [restartedMain] o.a.c.c.C.[.[.[/] - Initializing Spring embedded WebApplicationContext
2021-02-19 17:41:14.509 [INFO ] [restartedMain] o.s.b.w.s.c.ServletWebServerApplicationContext - Root WebApplicationContext: initialization completed in 536 ms
2021-02-19 17:41:14.615 [INFO ] [restartedMain] c.z.h.HikariDataSource - HikariPool-13 - Starting...
2021-02-19 17:41:14.644 [INFO ] [restartedMain] c.z.h.HikariDataSource - HikariPool-13 - Start completed.
2021-02-19 17:41:14.648 [INFO ] [restartedMain] o.h.j.i.u.LogHelper - HHH000204: Processing PersistenceUnitInfo [name: default]
2021-02-19 17:41:14.654 [INFO ] [restartedMain] o.h.d.Dialect - HHH000400: Using dialect: org.hibernate.dialect.MySQL8Dialect
2021-02-19 17:41:14.684 [INFO ] [restartedMain] o.h.e.t.j.p.i.JtaPlatformInitiator - HHH000490: Using JtaPlatform implementation: [org.hibernate.engine.transaction.jta.platform.internal.NoJtaPlatform]
2021-02-19 17:41:14.684 [INFO ] [restartedMain] o.s.o.j.LocalContainerEntityManagerFactoryBean - Initialized JPA EntityManagerFactory for persistence unit 'default'
2021-02-19 17:41:14.708 [WARN ] [restartedMain] o.s.b.a.o.j.JpaBaseConfiguration$JpaWebConfiguration - spring.jpa.open-in-view is enabled by default. Therefore, database queries may be performed during view rendering. Explicitly configure spring.jpa.open-in-view to disable this warning
2021-02-19 17:41:14.801 [WARN ] [restartedMain] o.s.d.r.c.m.RepositoryCollectionResourceMapping - @RestResource detected to customize the repository resource for com.myapp.spring.repository.ProductRepository! Use @RepositoryRestResource instead!
2021-02-19 17:41:14.831 [INFO ] [restartedMain] o.s.s.c.ThreadPoolTaskExecutor - Initializing ExecutorService 'applicationTaskExecutor'
2021-02-19 17:41:14.836 [DEBUG] [restartedMain] o.s.w.s.m.m.a.RequestMappingHandlerAdapter - ControllerAdvice beans: 0 @ModelAttribute, 0 @InitBinder, 1 RequestBodyAdvice, 1 ResponseBodyAdvice
2021-02-19 17:41:14.858 [DEBUG] [restartedMain] o.s.w.s.m.m.a.RequestMappingHandlerMapping - 2 mappings in 'requestMappingHandlerMapping'
2021-02-19 17:41:14.876 [DEBUG] [restartedMain] o.s.w.s.h.SimpleUrlHandlerMapping - Patterns [/explorer/**, /webjars/**, /**] in 'resourceHandlerMapping'
2021-02-19 17:41:14.884 [DEBUG] [restartedMain] o.s.w.s.m.m.a.ExceptionHandlerExceptionResolver - ControllerAdvice beans: 1 @ExceptionHandler, 1 ResponseBodyAdvice
2021-02-19 17:41:15.049 [INFO ] [restartedMain] o.s.b.d.a.OptionalLiveReloadServer - LiveReload server is running on port 35729
2021-02-19 17:41:15.053 [INFO ] [restartedMain] o.s.b.a.e.w.EndpointLinksResolver - Exposing 2 endpoint(s) beneath base path '/actuator'
2021-02-19 17:41:15.079 [INFO ] [restartedMain] o.s.b.w.e.t.TomcatWebServer - Tomcat started on port(s): 9999 (http) with context path ''
2021-02-19 17:41:15.091 [INFO ] [restartedMain] c.m.s.SpringDevopsApplication - Started SpringDevopsApplication in 1.158 seconds (JVM running for 192787.944)
2021-02-19 17:41:15.095 [INFO ] [restartedMain] o.s.b.d.a.ConditionEvaluationDeltaLoggingListener - Condition evaluation unchanged
2021-02-19 17:46:41.266 [INFO ] [Thread-67] o.s.s.c.ThreadPoolTaskExecutor - Shutting down ExecutorService 'applicationTaskExecutor'
2021-02-19 17:46:41.266 [INFO ] [Thread-67] o.s.o.j.LocalContainerEntityManagerFactoryBean - Closing JPA EntityManagerFactory for persistence unit 'default'
2021-02-19 17:46:41.267 [INFO ] [Thread-67] c.z.h.HikariDataSource - HikariPool-13 - Shutdown initiated...
2021-02-19 17:46:41.270 [INFO ] [Thread-67] c.z.h.HikariDataSource - HikariPool-13 - Shutdown completed.
2021-02-19 17:46:41.392 [INFO ] [restartedMain] c.m.s.SpringDevopsApplication - Starting SpringDevopsApplication using Java 15.0.1 on LAPTOP-9U6VQEJS with PID 23136 (C:\Users\JaasirAhamed\Documents\work\spring-devops\target\classes started by JaasirAhamed in C:\Users\JaasirAhamed\Documents\work\spring-devops)
2021-02-19 17:46:41.393 [INFO ] [restartedMain] c.m.s.SpringDevopsApplication - No active profile set, falling back to default profiles: default
2021-02-19 17:46:41.767 [INFO ] [restartedMain] o.s.d.r.c.RepositoryConfigurationDelegate - Bootstrapping Spring Data JPA repositories in DEFAULT mode.
2021-02-19 17:46:41.776 [INFO ] [restartedMain] o.s.d.r.c.RepositoryConfigurationDelegate - Finished Spring Data repository scanning in 8 ms. Found 1 JPA repository interfaces.
2021-02-19 17:46:41.841 [INFO ] [restartedMain] o.s.c.s.PostProcessorRegistrationDelegate$BeanPostProcessorChecker - Bean 'org.springframework.hateoas.config.HateoasConfiguration' of type [org.springframework.hateoas.config.HateoasConfiguration] is not eligible for getting processed by all BeanPostProcessors (for example: not eligible for auto-proxying)
2021-02-19 17:46:41.842 [INFO ] [restartedMain] o.s.c.s.PostProcessorRegistrationDelegate$BeanPostProcessorChecker - Bean 'relProviderPluginRegistry' of type [org.springframework.plugin.core.support.PluginRegistryFactoryBean] is not eligible for getting processed by all BeanPostProcessors (for example: not eligible for auto-proxying)
2021-02-19 17:46:41.847 [INFO ] [restartedMain] o.s.c.s.PostProcessorRegistrationDelegate$BeanPostProcessorChecker - Bean 'relProviderPluginRegistry' of type [org.springframework.plugin.core.OrderAwarePluginRegistry] is not eligible for getting processed by all BeanPostProcessors (for example: not eligible for auto-proxying)
2021-02-19 17:46:41.849 [INFO ] [restartedMain] o.s.c.s.PostProcessorRegistrationDelegate$BeanPostProcessorChecker - Bean '_relProvider' of type [org.springframework.hateoas.server.core.DelegatingLinkRelationProvider] is not eligible for getting processed by all BeanPostProcessors (for example: not eligible for auto-proxying)
2021-02-19 17:46:41.851 [INFO ] [restartedMain] o.s.c.s.PostProcessorRegistrationDelegate$BeanPostProcessorChecker - Bean 'messageResolver' of type [org.springframework.hateoas.mediatype.MessageSourceResolver] is not eligible for getting processed by all BeanPostProcessors (for example: not eligible for auto-proxying)
2021-02-19 17:46:41.852 [INFO ] [restartedMain] o.s.c.s.PostProcessorRegistrationDelegate$BeanPostProcessorChecker - Bean 'org.springframework.data.web.config.SpringDataJacksonConfiguration' of type [org.springframework.data.web.config.SpringDataJacksonConfiguration] is not eligible for getting processed by all BeanPostProcessors (for example: not eligible for auto-proxying)
2021-02-19 17:46:41.852 [INFO ] [restartedMain] o.s.c.s.PostProcessorRegistrationDelegate$BeanPostProcessorChecker - Bean 'jacksonGeoModule' of type [org.springframework.data.geo.GeoModule] is not eligible for getting processed by all BeanPostProcessors (for example: not eligible for auto-proxying)
2021-02-19 17:46:41.858 [INFO ] [restartedMain] o.s.c.s.PostProcessorRegistrationDelegate$BeanPostProcessorChecker - Bean 'org.springframework.boot.autoconfigure.data.rest.RepositoryRestMvcAutoConfiguration' of type [org.springframework.boot.autoconfigure.data.rest.RepositoryRestMvcAutoConfiguration] is not eligible for getting processed by all BeanPostProcessors (for example: not eligible for auto-proxying)
2021-02-19 17:46:41.858 [INFO ] [restartedMain] o.s.c.s.PostProcessorRegistrationDelegate$BeanPostProcessorChecker - Bean 'org.springframework.boot.autoconfigure.jackson.JacksonAutoConfiguration$JacksonObjectMapperBuilderConfiguration' of type [org.springframework.boot.autoconfigure.jackson.JacksonAutoConfiguration$JacksonObjectMapperBuilderConfiguration] is not eligible for getting processed by all BeanPostProcessors (for example: not eligible for auto-proxying)
2021-02-19 17:46:41.859 [INFO ] [restartedMain] o.s.c.s.PostProcessorRegistrationDelegate$BeanPostProcessorChecker - Bean 'org.springframework.boot.autoconfigure.jackson.JacksonAutoConfiguration$Jackson2ObjectMapperBuilderCustomizerConfiguration' of type [org.springframework.boot.autoconfigure.jackson.JacksonAutoConfiguration$Jackson2ObjectMapperBuilderCustomizerConfiguration] is not eligible for getting processed by all BeanPostProcessors (for example: not eligible for auto-proxying)
2021-02-19 17:46:41.863 [INFO ] [restartedMain] o.s.c.s.PostProcessorRegistrationDelegate$BeanPostProcessorChecker - Bean 'spring.jackson-org.springframework.boot.autoconfigure.jackson.JacksonProperties' of type [org.springframework.boot.autoconfigure.jackson.JacksonProperties] is not eligible for getting processed by all BeanPostProcessors (for example: not eligible for auto-proxying)
2021-02-19 17:46:41.864 [INFO ] [restartedMain] o.s.c.s.PostProcessorRegistrationDelegate$BeanPostProcessorChecker - Bean 'standardJacksonObjectMapperBuilderCustomizer' of type [org.springframework.boot.autoconfigure.jackson.JacksonAutoConfiguration$Jackson2ObjectMapperBuilderCustomizerConfiguration$StandardJackson2ObjectMapperBuilderCustomizer] is not eligible for getting processed by all BeanPostProcessors (for example: not eligible for auto-proxying)
2021-02-19 17:46:41.865 [INFO ] [restartedMain] o.s.c.s.PostProcessorRegistrationDelegate$BeanPostProcessorChecker - Bean 'org.springframework.boot.autoconfigure.jackson.JacksonAutoConfiguration$ParameterNamesModuleConfiguration' of type [org.springframework.boot.autoconfigure.jackson.JacksonAutoConfiguration$ParameterNamesModuleConfiguration] is not eligible for getting processed by all BeanPostProcessors (for example: not eligible for auto-proxying)
2021-02-19 17:46:41.865 [INFO ] [restartedMain] o.s.c.s.PostProcessorRegistrationDelegate$BeanPostProcessorChecker - Bean 'parameterNamesModule' of type [com.fasterxml.jackson.module.paramnames.ParameterNamesModule] is not eligible for getting processed by all BeanPostProcessors (for example: not eligible for auto-proxying)
2021-02-19 17:46:41.866 [INFO ] [restartedMain] o.s.c.s.PostProcessorRegistrationDelegate$BeanPostProcessorChecker - Bean 'org.springframework.boot.autoconfigure.jackson.JacksonAutoConfiguration' of type [org.springframework.boot.autoconfigure.jackson.JacksonAutoConfiguration] is not eligible for getting processed by all BeanPostProcessors (for example: not eligible for auto-proxying)
2021-02-19 17:46:41.871 [INFO ] [restartedMain] o.s.c.s.PostProcessorRegistrationDelegate$BeanPostProcessorChecker - Bean 'jsonComponentModule' of type [org.springframework.boot.jackson.JsonComponentModule] is not eligible for getting processed by all BeanPostProcessors (for example: not eligible for auto-proxying)
2021-02-19 17:46:41.873 [INFO ] [restartedMain] o.s.c.s.PostProcessorRegistrationDelegate$BeanPostProcessorChecker - Bean 'jacksonObjectMapperBuilder' of type [org.springframework.http.converter.json.Jackson2ObjectMapperBuilder] is not eligible for getting processed by all BeanPostProcessors (for example: not eligible for auto-proxying)
2021-02-19 17:46:41.877 [INFO ] [restartedMain] o.s.c.s.PostProcessorRegistrationDelegate$BeanPostProcessorChecker - Bean 'spring.data.rest-org.springframework.boot.autoconfigure.data.rest.RepositoryRestProperties' of type [org.springframework.boot.autoconfigure.data.rest.RepositoryRestProperties] is not eligible for getting processed by all BeanPostProcessors (for example: not eligible for auto-proxying)
2021-02-19 17:46:41.877 [INFO ] [restartedMain] o.s.c.s.PostProcessorRegistrationDelegate$BeanPostProcessorChecker - Bean 'springBootRepositoryRestConfigurer' of type [org.springframework.boot.autoconfigure.data.rest.SpringBootRepositoryRestConfigurer] is not eligible for getting processed by all BeanPostProcessors (for example: not eligible for auto-proxying)
2021-02-19 17:46:41.878 [INFO ] [restartedMain] o.s.c.s.PostProcessorRegistrationDelegate$BeanPostProcessorChecker - Bean 'configurerDelegate' of type [org.springframework.data.rest.webmvc.config.RepositoryRestConfigurerDelegate] is not eligible for getting processed by all BeanPostProcessors (for example: not eligible for auto-proxying)
2021-02-19 17:46:41.880 [INFO ] [restartedMain] o.s.c.s.PostProcessorRegistrationDelegate$BeanPostProcessorChecker - Bean 'org.springframework.boot.autoconfigure.http.HttpMessageConvertersAutoConfiguration$StringHttpMessageConverterConfiguration' of type [org.springframework.boot.autoconfigure.http.HttpMessageConvertersAutoConfiguration$StringHttpMessageConverterConfiguration] is not eligible for getting processed by all BeanPostProcessors (for example: not eligible for auto-proxying)
2021-02-19 17:46:41.881 [INFO ] [restartedMain] o.s.c.s.PostProcessorRegistrationDelegate$BeanPostProcessorChecker - Bean 'stringHttpMessageConverter' of type [org.springframework.http.converter.StringHttpMessageConverter] is not eligible for getting processed by all BeanPostProcessors (for example: not eligible for auto-proxying)
2021-02-19 17:46:41.882 [INFO ] [restartedMain] o.s.c.s.PostProcessorRegistrationDelegate$BeanPostProcessorChecker - Bean 'org.springframework.boot.autoconfigure.http.JacksonHttpMessageConvertersConfiguration$MappingJackson2HttpMessageConverterConfiguration' of type [org.springframework.boot.autoconfigure.http.JacksonHttpMessageConvertersConfiguration$MappingJackson2HttpMessageConverterConfiguration] is not eligible for getting processed by all BeanPostProcessors (for example: not eligible for auto-proxying)
2021-02-19 17:46:41.882 [INFO ] [restartedMain] o.s.c.s.PostProcessorRegistrationDelegate$BeanPostProcessorChecker - Bean 'org.springframework.boot.autoconfigure.jackson.JacksonAutoConfiguration$JacksonObjectMapperConfiguration' of type [org.springframework.boot.autoconfigure.jackson.JacksonAutoConfiguration$JacksonObjectMapperConfiguration] is not eligible for getting processed by all BeanPostProcessors (for example: not eligible for auto-proxying)
2021-02-19 17:46:41.885 [INFO ] [restartedMain] o.s.c.s.PostProcessorRegistrationDelegate$BeanPostProcessorChecker - Bean 'jacksonObjectMapperBuilder' of type [org.springframework.http.converter.json.Jackson2ObjectMapperBuilder] is not eligible for getting processed by all BeanPostProcessors (for example: not eligible for auto-proxying)
2021-02-19 17:46:41.886 [INFO ] [restartedMain] o.s.c.s.PostProcessorRegistrationDelegate$BeanPostProcessorChecker - Bean 'jacksonObjectMapper' of type [com.fasterxml.jackson.databind.ObjectMapper] is not eligible for getting processed by all BeanPostProcessors (for example: not eligible for auto-proxying)
2021-02-19 17:46:41.891 [INFO ] [restartedMain] o.s.c.s.PostProcessorRegistrationDelegate$BeanPostProcessorChecker - Bean 'mappingJackson2HttpMessageConverter' of type [org.springframework.http.converter.json.MappingJackson2HttpMessageConverter] is not eligible for getting processed by all BeanPostProcessors (for example: not eligible for auto-proxying)
2021-02-19 17:46:41.892 [INFO ] [restartedMain] o.s.c.s.PostProcessorRegistrationDelegate$BeanPostProcessorChecker - Bean 'org.springframework.data.rest.webmvc.config.RepositoryRestMvcConfiguration' of type [org.springframework.data.rest.webmvc.config.RepositoryRestMvcConfiguration] is not eligible for getting processed by all BeanPostProcessors (for example: not eligible for auto-proxying)
2021-02-19 17:46:41.947 [INFO ] [restartedMain] o.s.b.w.e.t.TomcatWebServer - Tomcat initialized with port(s): 9999 (http)
2021-02-19 17:46:41.948 [INFO ] [restartedMain] o.a.c.c.StandardService - Starting service [Tomcat]
2021-02-19 17:46:41.949 [INFO ] [restartedMain] o.a.c.c.StandardEngine - Starting Servlet engine: [Apache Tomcat/9.0.41]
2021-02-19 17:46:41.989 [INFO ] [restartedMain] o.a.c.c.C.[.[.[/] - Initializing Spring embedded WebApplicationContext
2021-02-19 17:46:41.989 [INFO ] [restartedMain] o.s.b.w.s.c.ServletWebServerApplicationContext - Root WebApplicationContext: initialization completed in 593 ms
2021-02-19 17:46:42.098 [INFO ] [restartedMain] c.z.h.HikariDataSource - HikariPool-14 - Starting...
2021-02-19 17:46:42.124 [INFO ] [restartedMain] c.z.h.HikariDataSource - HikariPool-14 - Start completed.
2021-02-19 17:46:42.128 [INFO ] [restartedMain] o.h.j.i.u.LogHelper - HHH000204: Processing PersistenceUnitInfo [name: default]
2021-02-19 17:46:42.135 [INFO ] [restartedMain] o.h.d.Dialect - HHH000400: Using dialect: org.hibernate.dialect.MySQL8Dialect
2021-02-19 17:46:42.167 [INFO ] [restartedMain] o.h.e.t.j.p.i.JtaPlatformInitiator - HHH000490: Using JtaPlatform implementation: [org.hibernate.engine.transaction.jta.platform.internal.NoJtaPlatform]
2021-02-19 17:46:42.167 [INFO ] [restartedMain] o.s.o.j.LocalContainerEntityManagerFactoryBean - Initialized JPA EntityManagerFactory for persistence unit 'default'
2021-02-19 17:46:42.191 [WARN ] [restartedMain] o.s.b.a.o.j.JpaBaseConfiguration$JpaWebConfiguration - spring.jpa.open-in-view is enabled by default. Therefore, database queries may be performed during view rendering. Explicitly configure spring.jpa.open-in-view to disable this warning
2021-02-19 17:46:42.297 [WARN ] [restartedMain] o.s.d.r.c.m.RepositoryCollectionResourceMapping - @RestResource detected to customize the repository resource for com.myapp.spring.repository.ProductRepository! Use @RepositoryRestResource instead!
2021-02-19 17:46:42.332 [INFO ] [restartedMain] o.s.s.c.ThreadPoolTaskExecutor - Initializing ExecutorService 'applicationTaskExecutor'
2021-02-19 17:46:42.343 [DEBUG] [restartedMain] o.s.w.s.m.m.a.RequestMappingHandlerAdapter - ControllerAdvice beans: 0 @ModelAttribute, 0 @InitBinder, 1 RequestBodyAdvice, 1 ResponseBodyAdvice
2021-02-19 17:46:42.376 [DEBUG] [restartedMain] o.s.w.s.m.m.a.RequestMappingHandlerMapping - 2 mappings in 'requestMappingHandlerMapping'
2021-02-19 17:46:42.399 [DEBUG] [restartedMain] o.s.w.s.h.SimpleUrlHandlerMapping - Patterns [/explorer/**, /webjars/**, /**] in 'resourceHandlerMapping'
2021-02-19 17:46:42.410 [DEBUG] [restartedMain] o.s.w.s.m.m.a.ExceptionHandlerExceptionResolver - ControllerAdvice beans: 1 @ExceptionHandler, 1 ResponseBodyAdvice
2021-02-19 17:46:42.600 [INFO ] [restartedMain] o.s.b.d.a.OptionalLiveReloadServer - LiveReload server is running on port 35729
2021-02-19 17:46:42.604 [INFO ] [restartedMain] o.s.b.a.e.w.EndpointLinksResolver - Exposing 2 endpoint(s) beneath base path '/actuator'
2021-02-19 17:46:42.632 [INFO ] [restartedMain] o.s.b.w.e.t.TomcatWebServer - Tomcat started on port(s): 9999 (http) with context path ''
2021-02-19 17:46:42.646 [INFO ] [restartedMain] c.m.s.SpringDevopsApplication - Started SpringDevopsApplication in 1.288 seconds (JVM running for 193115.498)
2021-02-19 17:46:42.649 [INFO ] [restartedMain] o.s.b.d.a.ConditionEvaluationDeltaLoggingListener - Condition evaluation unchanged
2021-02-19 17:47:26.249 [INFO ] [Thread-72] o.s.s.c.ThreadPoolTaskExecutor - Shutting down ExecutorService 'applicationTaskExecutor'
2021-02-19 17:47:26.250 [INFO ] [Thread-72] o.s.o.j.LocalContainerEntityManagerFactoryBean - Closing JPA EntityManagerFactory for persistence unit 'default'
2021-02-19 17:47:26.251 [INFO ] [Thread-72] c.z.h.HikariDataSource - HikariPool-14 - Shutdown initiated...
2021-02-19 17:47:26.257 [INFO ] [Thread-72] c.z.h.HikariDataSource - HikariPool-14 - Shutdown completed.
2021-02-19 17:47:26.467 [INFO ] [restartedMain] c.m.s.SpringDevopsApplication - Starting SpringDevopsApplication using Java 15.0.1 on LAPTOP-9U6VQEJS with PID 23136 (C:\Users\JaasirAhamed\Documents\work\spring-devops\target\classes started by JaasirAhamed in C:\Users\JaasirAhamed\Documents\work\spring-devops)
2021-02-19 17:47:26.468 [INFO ] [restartedMain] c.m.s.SpringDevopsApplication - No active profile set, falling back to default profiles: default
2021-02-19 17:47:27.229 [INFO ] [restartedMain] o.s.d.r.c.RepositoryConfigurationDelegate - Bootstrapping Spring Data JPA repositories in DEFAULT mode.
2021-02-19 17:47:27.247 [INFO ] [restartedMain] o.s.d.r.c.RepositoryConfigurationDelegate - Finished Spring Data repository scanning in 16 ms. Found 1 JPA repository interfaces.
2021-02-19 17:47:27.365 [INFO ] [restartedMain] o.s.c.s.PostProcessorRegistrationDelegate$BeanPostProcessorChecker - Bean 'org.springframework.hateoas.config.HateoasConfiguration' of type [org.springframework.hateoas.config.HateoasConfiguration] is not eligible for getting processed by all BeanPostProcessors (for example: not eligible for auto-proxying)
2021-02-19 17:47:27.368 [INFO ] [restartedMain] o.s.c.s.PostProcessorRegistrationDelegate$BeanPostProcessorChecker - Bean 'relProviderPluginRegistry' of type [org.springframework.plugin.core.support.PluginRegistryFactoryBean] is not eligible for getting processed by all BeanPostProcessors (for example: not eligible for auto-proxying)
2021-02-19 17:47:27.376 [INFO ] [restartedMain] o.s.c.s.PostProcessorRegistrationDelegate$BeanPostProcessorChecker - Bean 'relProviderPluginRegistry' of type [org.springframework.plugin.core.OrderAwarePluginRegistry] is not eligible for getting processed by all BeanPostProcessors (for example: not eligible for auto-proxying)
2021-02-19 17:47:27.378 [INFO ] [restartedMain] o.s.c.s.PostProcessorRegistrationDelegate$BeanPostProcessorChecker - Bean '_relProvider' of type [org.springframework.hateoas.server.core.DelegatingLinkRelationProvider] is not eligible for getting processed by all BeanPostProcessors (for example: not eligible for auto-proxying)
2021-02-19 17:47:27.383 [INFO ] [restartedMain] o.s.c.s.PostProcessorRegistrationDelegate$BeanPostProcessorChecker - Bean 'messageResolver' of type [org.springframework.hateoas.mediatype.MessageSourceResolver] is not eligible for getting processed by all BeanPostProcessors (for example: not eligible for auto-proxying)
2021-02-19 17:47:27.385 [INFO ] [restartedMain] o.s.c.s.PostProcessorRegistrationDelegate$BeanPostProcessorChecker - Bean 'org.springframework.data.web.config.SpringDataJacksonConfiguration' of type [org.springframework.data.web.config.SpringDataJacksonConfiguration] is not eligible for getting processed by all BeanPostProcessors (for example: not eligible for auto-proxying)
2021-02-19 17:47:27.386 [INFO ] [restartedMain] o.s.c.s.PostProcessorRegistrationDelegate$BeanPostProcessorChecker - Bean 'jacksonGeoModule' of type [org.springframework.data.geo.GeoModule] is not eligible for getting processed by all BeanPostProcessors (for example: not eligible for auto-proxying)
2021-02-19 17:47:27.393 [INFO ] [restartedMain] o.s.c.s.PostProcessorRegistrationDelegate$BeanPostProcessorChecker - Bean 'org.springframework.boot.autoconfigure.data.rest.RepositoryRestMvcAutoConfiguration' of type [org.springframework.boot.autoconfigure.data.rest.RepositoryRestMvcAutoConfiguration] is not eligible for getting processed by all BeanPostProcessors (for example: not eligible for auto-proxying)
2021-02-19 17:47:27.396 [INFO ] [restartedMain] o.s.c.s.PostProcessorRegistrationDelegate$BeanPostProcessorChecker - Bean 'org.springframework.boot.autoconfigure.jackson.JacksonAutoConfiguration$JacksonObjectMapperBuilderConfiguration' of type [org.springframework.boot.autoconfigure.jackson.JacksonAutoConfiguration$JacksonObjectMapperBuilderConfiguration] is not eligible for getting processed by all BeanPostProcessors (for example: not eligible for auto-proxying)
2021-02-19 17:47:27.398 [INFO ] [restartedMain] o.s.c.s.PostProcessorRegistrationDelegate$BeanPostProcessorChecker - Bean 'org.springframework.boot.autoconfigure.jackson.JacksonAutoConfiguration$Jackson2ObjectMapperBuilderCustomizerConfiguration' of type [org.springframework.boot.autoconfigure.jackson.JacksonAutoConfiguration$Jackson2ObjectMapperBuilderCustomizerConfiguration] is not eligible for getting processed by all BeanPostProcessors (for example: not eligible for auto-proxying)
2021-02-19 17:47:27.405 [INFO ] [restartedMain] o.s.c.s.PostProcessorRegistrationDelegate$BeanPostProcessorChecker - Bean 'spring.jackson-org.springframework.boot.autoconfigure.jackson.JacksonProperties' of type [org.springframework.boot.autoconfigure.jackson.JacksonProperties] is not eligible for getting processed by all BeanPostProcessors (for example: not eligible for auto-proxying)
2021-02-19 17:47:27.406 [INFO ] [restartedMain] o.s.c.s.PostProcessorRegistrationDelegate$BeanPostProcessorChecker - Bean 'standardJacksonObjectMapperBuilderCustomizer' of type [org.springframework.boot.autoconfigure.jackson.JacksonAutoConfiguration$Jackson2ObjectMapperBuilderCustomizerConfiguration$StandardJackson2ObjectMapperBuilderCustomizer] is not eligible for getting processed by all BeanPostProcessors (for example: not eligible for auto-proxying)
2021-02-19 17:47:27.408 [INFO ] [restartedMain] o.s.c.s.PostProcessorRegistrationDelegate$BeanPostProcessorChecker - Bean 'org.springframework.boot.autoconfigure.jackson.JacksonAutoConfiguration$ParameterNamesModuleConfiguration' of type [org.springframework.boot.autoconfigure.jackson.JacksonAutoConfiguration$ParameterNamesModuleConfiguration] is not eligible for getting processed by all BeanPostProcessors (for example: not eligible for auto-proxying)
2021-02-19 17:47:27.408 [INFO ] [restartedMain] o.s.c.s.PostProcessorRegistrationDelegate$BeanPostProcessorChecker - Bean 'parameterNamesModule' of type [com.fasterxml.jackson.module.paramnames.ParameterNamesModule] is not eligible for getting processed by all BeanPostProcessors (for example: not eligible for auto-proxying)
2021-02-19 17:47:27.410 [INFO ] [restartedMain] o.s.c.s.PostProcessorRegistrationDelegate$BeanPostProcessorChecker - Bean 'org.springframework.boot.autoconfigure.jackson.JacksonAutoConfiguration' of type [org.springframework.boot.autoconfigure.jackson.JacksonAutoConfiguration] is not eligible for getting processed by all BeanPostProcessors (for example: not eligible for auto-proxying)
2021-02-19 17:47:27.416 [INFO ] [restartedMain] o.s.c.s.PostProcessorRegistrationDelegate$BeanPostProcessorChecker - Bean 'jsonComponentModule' of type [org.springframework.boot.jackson.JsonComponentModule] is not eligible for getting processed by all BeanPostProcessors (for example: not eligible for auto-proxying)
2021-02-19 17:47:27.418 [INFO ] [restartedMain] o.s.c.s.PostProcessorRegistrationDelegate$BeanPostProcessorChecker - Bean 'jacksonObjectMapperBuilder' of type [org.springframework.http.converter.json.Jackson2ObjectMapperBuilder] is not eligible for getting processed by all BeanPostProcessors (for example: not eligible for auto-proxying)
2021-02-19 17:47:27.422 [INFO ] [restartedMain] o.s.c.s.PostProcessorRegistrationDelegate$BeanPostProcessorChecker - Bean 'spring.data.rest-org.springframework.boot.autoconfigure.data.rest.RepositoryRestProperties' of type [org.springframework.boot.autoconfigure.data.rest.RepositoryRestProperties] is not eligible for getting processed by all BeanPostProcessors (for example: not eligible for auto-proxying)
2021-02-19 17:47:27.423 [INFO ] [restartedMain] o.s.c.s.PostProcessorRegistrationDelegate$BeanPostProcessorChecker - Bean 'springBootRepositoryRestConfigurer' of type [org.springframework.boot.autoconfigure.data.rest.SpringBootRepositoryRestConfigurer] is not eligible for getting processed by all BeanPostProcessors (for example: not eligible for auto-proxying)
2021-02-19 17:47:27.424 [INFO ] [restartedMain] o.s.c.s.PostProcessorRegistrationDelegate$BeanPostProcessorChecker - Bean 'configurerDelegate' of type [org.springframework.data.rest.webmvc.config.RepositoryRestConfigurerDelegate] is not eligible for getting processed by all BeanPostProcessors (for example: not eligible for auto-proxying)
2021-02-19 17:47:27.429 [INFO ] [restartedMain] o.s.c.s.PostProcessorRegistrationDelegate$BeanPostProcessorChecker - Bean 'org.springframework.boot.autoconfigure.http.HttpMessageConvertersAutoConfiguration$StringHttpMessageConverterConfiguration' of type [org.springframework.boot.autoconfigure.http.HttpMessageConvertersAutoConfiguration$StringHttpMessageConverterConfiguration] is not eligible for getting processed by all BeanPostProcessors (for example: not eligible for auto-proxying)
2021-02-19 17:47:27.431 [INFO ] [restartedMain] o.s.c.s.PostProcessorRegistrationDelegate$BeanPostProcessorChecker - Bean 'stringHttpMessageConverter' of type [org.springframework.http.converter.StringHttpMessageConverter] is not eligible for getting processed by all BeanPostProcessors (for example: not eligible for auto-proxying)
2021-02-19 17:47:27.432 [INFO ] [restartedMain] o.s.c.s.PostProcessorRegistrationDelegate$BeanPostProcessorChecker - Bean 'org.springframework.boot.autoconfigure.http.JacksonHttpMessageConvertersConfiguration$MappingJackson2HttpMessageConverterConfiguration' of type [org.springframework.boot.autoconfigure.http.JacksonHttpMessageConvertersConfiguration$MappingJackson2HttpMessageConverterConfiguration] is not eligible for getting processed by all BeanPostProcessors (for example: not eligible for auto-proxying)
2021-02-19 17:47:27.433 [INFO ] [restartedMain] o.s.c.s.PostProcessorRegistrationDelegate$BeanPostProcessorChecker - Bean 'org.springframework.boot.autoconfigure.jackson.JacksonAutoConfiguration$JacksonObjectMapperConfiguration' of type [org.springframework.boot.autoconfigure.jackson.JacksonAutoConfiguration$JacksonObjectMapperConfiguration] is not eligible for getting processed by all BeanPostProcessors (for example: not eligible for auto-proxying)
2021-02-19 17:47:27.436 [INFO ] [restartedMain] o.s.c.s.PostProcessorRegistrationDelegate$BeanPostProcessorChecker - Bean 'jacksonObjectMapperBuilder' of type [org.springframework.http.converter.json.Jackson2ObjectMapperBuilder] is not eligible for getting processed by all BeanPostProcessors (for example: not eligible for auto-proxying)
2021-02-19 17:47:27.438 [INFO ] [restartedMain] o.s.c.s.PostProcessorRegistrationDelegate$BeanPostProcessorChecker - Bean 'jacksonObjectMapper' of type [com.fasterxml.jackson.databind.ObjectMapper] is not eligible for getting processed by all BeanPostProcessors (for example: not eligible for auto-proxying)
2021-02-19 17:47:27.444 [INFO ] [restartedMain] o.s.c.s.PostProcessorRegistrationDelegate$BeanPostProcessorChecker - Bean 'mappingJackson2HttpMessageConverter' of type [org.springframework.http.converter.json.MappingJackson2HttpMessageConverter] is not eligible for getting processed by all BeanPostProcessors (for example: not eligible for auto-proxying)
2021-02-19 17:47:27.446 [INFO ] [restartedMain] o.s.c.s.PostProcessorRegistrationDelegate$BeanPostProcessorChecker - Bean 'org.springframework.data.rest.webmvc.config.RepositoryRestMvcConfiguration' of type [org.springframework.data.rest.webmvc.config.RepositoryRestMvcConfiguration] is not eligible for getting processed by all BeanPostProcessors (for example: not eligible for auto-proxying)
2021-02-19 17:47:27.543 [INFO ] [restartedMain] o.s.b.w.e.t.TomcatWebServer - Tomcat initialized with port(s): 9999 (http)
2021-02-19 17:47:27.545 [INFO ] [restartedMain] o.a.c.c.StandardService - Starting service [Tomcat]
2021-02-19 17:47:27.545 [INFO ] [restartedMain] o.a.c.c.StandardEngine - Starting Servlet engine: [Apache Tomcat/9.0.41]
2021-02-19 17:47:27.610 [INFO ] [restartedMain] o.a.c.c.C.[.[.[/] - Initializing Spring embedded WebApplicationContext
2021-02-19 17:47:27.610 [INFO ] [restartedMain] o.s.b.w.s.c.ServletWebServerApplicationContext - Root WebApplicationContext: initialization completed in 1137 ms
2021-02-19 17:47:27.776 [INFO ] [restartedMain] c.z.h.HikariDataSource - HikariPool-15 - Starting...
2021-02-19 17:47:27.817 [INFO ] [restartedMain] c.z.h.HikariDataSource - HikariPool-15 - Start completed.
2021-02-19 17:47:27.823 [INFO ] [restartedMain] o.h.j.i.u.LogHelper - HHH000204: Processing PersistenceUnitInfo [name: default]
2021-02-19 17:47:27.834 [INFO ] [restartedMain] o.h.d.Dialect - HHH000400: Using dialect: org.hibernate.dialect.MySQL8Dialect
2021-02-19 17:47:27.887 [INFO ] [restartedMain] o.h.e.t.j.p.i.JtaPlatformInitiator - HHH000490: Using JtaPlatform implementation: [org.hibernate.engine.transaction.jta.platform.internal.NoJtaPlatform]
2021-02-19 17:47:27.888 [INFO ] [restartedMain] o.s.o.j.LocalContainerEntityManagerFactoryBean - Initialized JPA EntityManagerFactory for persistence unit 'default'
2021-02-19 17:47:27.938 [WARN ] [restartedMain] o.s.b.a.o.j.JpaBaseConfiguration$JpaWebConfiguration - spring.jpa.open-in-view is enabled by default. Therefore, database queries may be performed during view rendering. Explicitly configure spring.jpa.open-in-view to disable this warning
2021-02-19 17:47:28.121 [WARN ] [restartedMain] o.s.d.r.c.m.RepositoryCollectionResourceMapping - @RestResource detected to customize the repository resource for com.myapp.spring.repository.ProductRepository! Use @RepositoryRestResource instead!
2021-02-19 17:47:28.172 [INFO ] [restartedMain] o.s.s.c.ThreadPoolTaskExecutor - Initializing ExecutorService 'applicationTaskExecutor'
2021-02-19 17:47:28.192 [DEBUG] [restartedMain] o.s.w.s.m.m.a.RequestMappingHandlerAdapter - ControllerAdvice beans: 0 @ModelAttribute, 0 @InitBinder, 1 RequestBodyAdvice, 1 ResponseBodyAdvice
2021-02-19 17:47:28.222 [DEBUG] [restartedMain] o.s.w.s.m.m.a.RequestMappingHandlerMapping - 2 mappings in 'requestMappingHandlerMapping'
2021-02-19 17:47:28.252 [DEBUG] [restartedMain] o.s.w.s.h.SimpleUrlHandlerMapping - Patterns [/explorer/**, /webjars/**, /**] in 'resourceHandlerMapping'
2021-02-19 17:47:28.265 [DEBUG] [restartedMain] o.s.w.s.m.m.a.ExceptionHandlerExceptionResolver - ControllerAdvice beans: 1 @ExceptionHandler, 1 ResponseBodyAdvice
2021-02-19 17:47:28.535 [INFO ] [restartedMain] o.s.b.d.a.OptionalLiveReloadServer - LiveReload server is running on port 35729
2021-02-19 17:47:28.544 [INFO ] [restartedMain] o.s.b.a.e.w.EndpointLinksResolver - Exposing 2 endpoint(s) beneath base path '/actuator'
2021-02-19 17:47:28.584 [INFO ] [restartedMain] o.s.b.w.e.t.TomcatWebServer - Tomcat started on port(s): 9999 (http) with context path ''
2021-02-19 17:47:28.604 [INFO ] [restartedMain] c.m.s.SpringDevopsApplication - Started SpringDevopsApplication in 2.2 seconds (JVM running for 193161.457)
2021-02-19 17:47:28.608 [INFO ] [restartedMain] o.s.b.d.a.ConditionEvaluationDeltaLoggingListener - Condition evaluation unchanged
